INFO: 2021/01/09 10:37:16 controller.go:50: [start...]
INFO: 2021/01/09 10:37:17 controller.go:50: [RabbitMQ is waiting for messages...]
INFO: 2021/01/09 10:47:38 controller.go:50: [start...]
INFO: 2021/01/09 10:47:39 controller.go:50: [RabbitMQ is waiting for messages...]
INFO: 2021/01/09 10:48:27 controller.go:50: [start...]
INFO: 2021/01/09 10:48:27 controller.go:50: [RabbitMQ is waiting for messages...]
INFO: 2021/01/09 10:55:03 controller.go:50: [Request IP: [::1]:6208 username: mzh input wrong password]
INFO: 2021/01/09 10:55:44 controller.go:50: [Request IP: [::1]:6208 username: mzh verify user success]
INFO: 2021/01/09 10:55:52 controller.go:50: [Request IP: [::1]:6207 username: mzh update extra fee]
INFO: 2021/01/09 10:55:56 controller.go:50: [Request IP: [::1]:6207 username: mzh pay fee]
INFO: 2021/01/09 10:55:56 controller.go:50: [Request IP: [::1]:6207 username: mzh update spot]
INFO: 2021/01/09 10:55:56 controller.go:50: [Request IP: [::1]:6207 username: mzh update car out_time]
INFO: 2021/01/09 10:55:56 controller.go:50: [Request IP: [::1]:6207 username: mzh update booking valid to 0]
INFO: 2021/01/09 10:59:26 controller.go:50: [Request IP: [::1]:6611 username: mzh user logout]
INFO: 2021/01/09 10:59:32 controller.go:50: [Request IP: [::1]:6611 username: mzh verify user success]
INFO: 2021/01/09 10:59:50 controller.go:50: [Request IP: [::1]:6611 username: mzh update spot]
INFO: 2021/01/09 10:59:50 controller.go:50: [Request IP: [::1]:6611 username: mzh update car entry_time]
INFO: 2021/01/09 10:59:53 controller.go:50: [Request IP: [::1]:6611 username: mzh update spot]
INFO: 2021/01/09 10:59:53 controller.go:50: [Request IP: [::1]:6611 username: mzh update car out_time]
INFO: 2021/01/09 11:04:38 controller.go:50: [Request IP: [::1]:6611 username: mzh user logout]
